<?xml version="1.0" encoding="UTF-8"?>
<!-- Generated by org.testng.reporters.JUnitXMLReporter -->
<testsuite ignored="0" hostname="Sowmya" failures="0" tests="19" name="Test" time="25.848" errors="0" timestamp="2022-01-31T13:44:42 IST">
  <testcase classname="restAssuredTest1.restAssuredTest" name="getResposeData_1" time="3.822"/>
  <testcase classname="restAssuredTest1.restAssuredTest" name="getResposeData_10" time="1.205"/>
  <testcase classname="restAssuredTest1.restAssuredTest" name="getResposeData_10" time="1.249"/>
  <testcase classname="restAssuredTest1.restAssuredTest" name="getResposeData_10" time="1.166"/>
  <testcase classname="restAssuredTest1.restAssuredTest" name="getResposeData_10" time="1.314"/>
  <testcase classname="restAssuredTest1.restAssuredTest" name="getResposeData_10" time="1.264"/>
  <testcase classname="restAssuredTest1.restAssuredTest" name="getResposeData_10" time="1.264"/>
  <testcase classname="restAssuredTest1.restAssuredTest" name="getResposeData_10" time="1.285"/>
  <testcase classname="restAssuredTest1.restAssuredTest" name="getResposeData_10" time="1.16"/>
  <testcase classname="restAssuredTest1.restAssuredTest" name="getResposeData_10" time="1.241"/>
  <testcase classname="restAssuredTest1.restAssuredTest" name="getResposeData_10" time="1.221"/>
  <testcase classname="restAssuredTest1.restAssuredTest" name="getResposeData_2" time="1.168"/>
  <testcase classname="restAssuredTest1.restAssuredTest" name="getResposeData_3" time="1.221"/>
  <testcase classname="restAssuredTest1.restAssuredTest" name="getResposeData_4" time="1.217"/>
  <testcase classname="restAssuredTest1.restAssuredTest" name="getResposeData_5" time="1.176"/>
  <testcase classname="restAssuredTest1.restAssuredTest" name="getResposeData_6" time="1.206"/>
  <testcase classname="restAssuredTest1.restAssuredTest" name="getResposeData_7" time="1.154"/>
  <testcase classname="restAssuredTest1.restAssuredTest" name="getResposeData_8" time="1.174"/>
  <testcase classname="restAssuredTest1.restAssuredTest" name="getResposeData_9" time="1.198"/>
</testsuite> <!-- Test -->
