<?xml version="1.0" encoding="UTF-8"?>
<!-- Generated by org.testng.reporters.JUnitXMLReporter -->
<testsuite ignored="0" hostname="Sowmya" failures="0" tests="10" name="Test" time="23.352" errors="0" timestamp="2022-01-24T15:05:57 IST">
  <testcase classname="restAssuredTest1.restAssuredTest" name="getResposeData_1" time="11.286"/>
  <testcase classname="restAssuredTest1.restAssuredTest" name="getResposeData_10" time="1.178"/>
  <testcase classname="restAssuredTest1.restAssuredTest" name="getResposeData_2" time="1.158"/>
  <testcase classname="restAssuredTest1.restAssuredTest" name="getResposeData_3" time="1.128"/>
  <testcase classname="restAssuredTest1.restAssuredTest" name="getResposeData_4" time="1.331"/>
  <testcase classname="restAssuredTest1.restAssuredTest" name="getResposeData_5" time="1.736"/>
  <testcase classname="restAssuredTest1.restAssuredTest" name="getResposeData_6" time="1.732"/>
  <testcase classname="restAssuredTest1.restAssuredTest" name="getResposeData_7" time="1.289"/>
  <testcase classname="restAssuredTest1.restAssuredTest" name="getResposeData_8" time="1.225"/>
  <testcase classname="restAssuredTest1.restAssuredTest" name="getResposeData_9" time="1.18"/>
</testsuite> <!-- Test -->
