<?xml version="1.0" encoding="UTF-8"?>
<testng-results ignored="0" total="19" passed="19" failed="0" skipped="0">
  <reporter-output>
  </reporter-output>
  <suite started-at="2022-01-31T13:44:16 IST" name="Suite" finished-at="2022-01-31T13:44:42 IST" duration-ms="25848">
    <groups>
    </groups>
    <test started-at="2022-01-31T13:44:16 IST" name="Test" finished-at="2022-01-31T13:44:42 IST" duration-ms="25848">
      <class name="restAssuredTest1.restAssuredTest">
        <test-method signature="getResposeData_1()[pri:0, instance:restAssuredTest1.restAssuredTest@48974e45]" started-at="2022-01-31T13:44:16 IST" name="getResposeData_1" finished-at="2022-01-31T13:44:20 IST" duration-ms="3822" status="PASS">
          <reporter-output>
          </reporter-output>
        </test-method> <!-- getResposeData_1 -->
        <test-method signature="getResposeData_10()[pri:0, instance:restAssuredTest1.restAssuredTest@48974e45]" started-at="2022-01-31T13:44:20 IST" name="getResposeData_10" finished-at="2022-01-31T13:44:21 IST" duration-ms="1205" status="PASS">
          <reporter-output>
          </reporter-output>
        </test-method> <!-- getResposeData_10 -->
        <test-method signature="getResposeData_10()[pri:0, instance:restAssuredTest1.restAssuredTest@48974e45]" started-at="2022-01-31T13:44:21 IST" name="getResposeData_10" finished-at="2022-01-31T13:44:22 IST" duration-ms="1249" status="PASS">
          <reporter-output>
          </reporter-output>
        </test-method> <!-- getResposeData_10 -->
        <test-method signature="getResposeData_10()[pri:0, instance:restAssuredTest1.restAssuredTest@48974e45]" started-at="2022-01-31T13:44:22 IST" name="getResposeData_10" finished-at="2022-01-31T13:44:23 IST" duration-ms="1166" status="PASS">
          <reporter-output>
          </reporter-output>
        </test-method> <!-- getResposeData_10 -->
        <test-method signature="getResposeData_10()[pri:0, instance:restAssuredTest1.restAssuredTest@48974e45]" started-at="2022-01-31T13:44:23 IST" name="getResposeData_10" finished-at="2022-01-31T13:44:25 IST" duration-ms="1314" status="PASS">
          <reporter-output>
          </reporter-output>
        </test-method> <!-- getResposeData_10 -->
        <test-method signature="getResposeData_10()[pri:0, instance:restAssuredTest1.restAssuredTest@48974e45]" started-at="2022-01-31T13:44:25 IST" name="getResposeData_10" finished-at="2022-01-31T13:44:26 IST" duration-ms="1264" status="PASS">
          <reporter-output>
          </reporter-output>
        </test-method> <!-- getResposeData_10 -->
        <test-method signature="getResposeData_10()[pri:0, instance:restAssuredTest1.restAssuredTest@48974e45]" started-at="2022-01-31T13:44:26 IST" name="getResposeData_10" finished-at="2022-01-31T13:44:27 IST" duration-ms="1264" status="PASS">
          <reporter-output>
          </reporter-output>
        </test-method> <!-- getResposeData_10 -->
        <test-method signature="getResposeData_10()[pri:0, instance:restAssuredTest1.restAssuredTest@48974e45]" started-at="2022-01-31T13:44:27 IST" name="getResposeData_10" finished-at="2022-01-31T13:44:28 IST" duration-ms="1285" status="PASS">
          <reporter-output>
          </reporter-output>
        </test-method> <!-- getResposeData_10 -->
        <test-method signature="getResposeData_10()[pri:0, instance:restAssuredTest1.restAssuredTest@48974e45]" started-at="2022-01-31T13:44:28 IST" name="getResposeData_10" finished-at="2022-01-31T13:44:30 IST" duration-ms="1160" status="PASS">
          <reporter-output>
          </reporter-output>
        </test-method> <!-- getResposeData_10 -->
        <test-method signature="getResposeData_10()[pri:0, instance:restAssuredTest1.restAssuredTest@48974e45]" started-at="2022-01-31T13:44:30 IST" name="getResposeData_10" finished-at="2022-01-31T13:44:31 IST" duration-ms="1241" status="PASS">
          <reporter-output>
          </reporter-output>
        </test-method> <!-- getResposeData_10 -->
        <test-method signature="getResposeData_10()[pri:0, instance:restAssuredTest1.restAssuredTest@48974e45]" started-at="2022-01-31T13:44:31 IST" name="getResposeData_10" finished-at="2022-01-31T13:44:32 IST" duration-ms="1221" status="PASS">
          <reporter-output>
          </reporter-output>
        </test-method> <!-- getResposeData_10 -->
        <test-method signature="getResposeData_2()[pri:0, instance:restAssuredTest1.restAssuredTest@48974e45]" started-at="2022-01-31T13:44:32 IST" name="getResposeData_2" finished-at="2022-01-31T13:44:33 IST" duration-ms="1168" status="PASS">
          <reporter-output>
          </reporter-output>
        </test-method> <!-- getResposeData_2 -->
        <test-method signature="getResposeData_3()[pri:0, instance:restAssuredTest1.restAssuredTest@48974e45]" started-at="2022-01-31T13:44:33 IST" name="getResposeData_3" finished-at="2022-01-31T13:44:34 IST" duration-ms="1221" status="PASS">
          <reporter-output>
          </reporter-output>
        </test-method> <!-- getResposeData_3 -->
        <test-method signature="getResposeData_4()[pri:0, instance:restAssuredTest1.restAssuredTest@48974e45]" started-at="2022-01-31T13:44:34 IST" name="getResposeData_4" finished-at="2022-01-31T13:44:36 IST" duration-ms="1217" status="PASS">
          <reporter-output>
          </reporter-output>
        </test-method> <!-- getResposeData_4 -->
        <test-method signature="getResposeData_5()[pri:0, instance:restAssuredTest1.restAssuredTest@48974e45]" started-at="2022-01-31T13:44:36 IST" name="getResposeData_5" finished-at="2022-01-31T13:44:37 IST" duration-ms="1176" status="PASS">
          <reporter-output>
          </reporter-output>
        </test-method> <!-- getResposeData_5 -->
        <test-method signature="getResposeData_6()[pri:0, instance:restAssuredTest1.restAssuredTest@48974e45]" started-at="2022-01-31T13:44:37 IST" name="getResposeData_6" finished-at="2022-01-31T13:44:38 IST" duration-ms="1206" status="PASS">
          <reporter-output>
          </reporter-output>
        </test-method> <!-- getResposeData_6 -->
        <test-method signature="getResposeData_7()[pri:0, instance:restAssuredTest1.restAssuredTest@48974e45]" started-at="2022-01-31T13:44:38 IST" name="getResposeData_7" finished-at="2022-01-31T13:44:39 IST" duration-ms="1154" status="PASS">
          <reporter-output>
          </reporter-output>
        </test-method> <!-- getResposeData_7 -->
        <test-method signature="getResposeData_8()[pri:0, instance:restAssuredTest1.restAssuredTest@48974e45]" started-at="2022-01-31T13:44:39 IST" name="getResposeData_8" finished-at="2022-01-31T13:44:40 IST" duration-ms="1174" status="PASS">
          <reporter-output>
          </reporter-output>
        </test-method> <!-- getResposeData_8 -->
        <test-method signature="getResposeData_9()[pri:0, instance:restAssuredTest1.restAssuredTest@48974e45]" started-at="2022-01-31T13:44:40 IST" name="getResposeData_9" finished-at="2022-01-31T13:44:42 IST" duration-ms="1198" status="PASS">
          <reporter-output>
          </reporter-output>
        </test-method> <!-- getResposeData_9 -->
      </class> <!-- restAssuredTest1.restAssuredTest -->
    </test> <!-- Test -->
  </suite> <!-- Suite -->
</testng-results>
