<?xml version="1.0" encoding="UTF-8"?>
<testng-results ignored="0" total="1" passed="1" failed="0" skipped="0">
  <reporter-output>
  </reporter-output>
  <suite started-at="2022-01-24T14:23:49 IST" name="Suite" finished-at="2022-01-24T14:23:53 IST" duration-ms="4531">
    <groups>
    </groups>
    <test started-at="2022-01-24T14:23:49 IST" name="Test" finished-at="2022-01-24T14:23:53 IST" duration-ms="4531">
      <class name="restAssuredTest1.restAssuredTest">
        <test-method signature="getResposeData()[pri:0, instance:restAssuredTest1.restAssuredTest@1cbb87f3]" started-at="2022-01-24T14:23:49 IST" name="getResposeData" finished-at="2022-01-24T14:23:53 IST" duration-ms="4449" status="PASS">
          <reporter-output>
          </reporter-output>
        </test-method> <!-- getResposeData -->
      </class> <!-- restAssuredTest1.restAssuredTest -->
    </test> <!-- Test -->
  </suite> <!-- Suite -->
</testng-results>
